
> my-security-ui@0.1.0 build
> next build

▲ Next.js 16.2.2 (Turbopack)

  Creating an optimized production build ...

> Build error occurred
Error: Turbopack build failed with 2 errors:
./app/dashboard/page.tsx:5:1
Module not found: Can't resolve 'recharts'
  [90m3 |[0m ...[32mxt/head"[0m;
  [90m4 |[0m ...[36mrom[0m [32m"../hooks/useScan"[0m;
[31m[1m>[0m [90m5 |[0m ...[33mar[0m, [33mXAxis[0m, [33mYAxis[0m, [33mCartesianGrid[0m, [33mTooltip[0m, [33mLegend[0m, [33mResponsiveContainer[0m, [33mPieChart[0m, [33mPie[0m, [33mCe..[0m.
  [90m  |[0m    [31m[1m^^^^^^^^^^^^^^^^^^^^^^^^^^^^^^^^^^^^^^^^^^^^^^^^^^^^^^^^^^^^^^^^^^^^^^^^^^^^^^^^^^^^^^^^^^^[0m
  [90m6 |[0m ...
  [90m7 |[0m ...or = (severity: string): string => {
  [90m8 |[0m ...rity.toUpperCase();



Import traces:
  Client Component Browser:
    ./app/dashboard/page.tsx [Client Component Browser]
    ./app/dashboard/page.tsx [Server Component]

  Client Component SSR:
    ./app/dashboard/page.tsx [Client Component SSR]
    ./app/dashboard/page.tsx [Server Component]

https://nextjs.org/docs/messages/module-not-found


./app/history/page.tsx:5:1
Module not found: Can't resolve 'recharts'
  [90m 3 |[0m [36mimport[0m [33mHead[0m [36mfrom[0m [32m"next/head"[0m;
  [90m 4 |[0m [36mimport[0m axios [36mfrom[0m [32m"axios"[0m;
[31m[1m>[0m [90m 5 |[0m [36mimport[0m {
  [90m   |[0m [31m[1m^^^^^^^[0m
[31m[1m>[0m [90m 6 |[0m   [33mLineChart[0m,
  [90m   |[0m [31m[1m^^^^^^^^^^^^[0m
[31m[1m>[0m [90m 7 |[0m   [33mLine[0m,
  [90m   |[0m [31m[1m^^^^^^^[0m
[31m[1m>[0m [90m 8 |[0m   [33mXAxis[0m,
  [90m   |[0m [31m[1m^^^^^^^^[0m
[31m[1m>[0m [90m 9 |[0m   [33mYAxis[0m,
  [90m   |[0m [31m[1m^^^^^^^^[0m
[31m[1m>[0m [90m10 |[0m   [33mCartesianGrid[0m,
  [90m   |[0m [31m[1m^^^^^^^^^^^^^^^^[0m
[31m[1m>[0m [90m11 |[0m   [33mTooltip[0m,
  [90m   |[0m [31m[1m^^^^^^^^^^[0m
[31m[1m>[0m [90m12 |[0m   [33mResponsiveContainer[0m,
  [90m   |[0m [31m[1m^^^^^^^^^^^^^^^^^^^^^^[0m
[31m[1m>[0m [90m13 |[0m   [33mLegend[0m,
  [90m   |[0m [31m[1m^^^^^^^^^[0m
[31m[1m>[0m [90m14 |[0m } [36mfrom[0m [32m"recharts"[0m;
  [90m   |[0m [31m[1m^^^^^^^^^^^^^^^^^^[0m
  [90m15 |[0m
  [90m16 |[0m [36mconst[0m formatDate = (timestamp: string) => [36mnew[0m [33mDate[0m(timestamp).toLocaleString([32m"he-IL"[0m, {
  [90m17 |[0m   year: [32m"numeric"[0m,



Import traces:
  Client Component Browser:
    ./app/history/page.tsx [Client Component Browser]
    ./app/history/page.tsx [Server Component]

  Client Component SSR:
    ./app/history/page.tsx [Client Component SSR]
    ./app/history/page.tsx [Server Component]

https://nextjs.org/docs/messages/module-not-found


    at <unknown> (./app/dashboard/page.tsx:5:1)
    at <unknown> (https://nextjs.org/docs/messages/module-not-found)
    at <unknown> (./app/history/page.tsx:5:1)
    at <unknown> (https://nextjs.org/docs/messages/module-not-found)
